mode: atomic
github.com/fJancsoSzabo/zkcli/zk/zk.go:46.32,51.2 1 8
github.com/fJancsoSzabo/zkcli/zk/zk.go:57.58,59.2 1 0
github.com/fJancsoSzabo/zkcli/zk/zk.go:61.60,65.2 3 0
github.com/fJancsoSzabo/zkcli/zk/zk.go:68.118,70.32 2 0
github.com/fJancsoSzabo/zkcli/zk/zk.go:78.2,78.19 1 0
github.com/fJancsoSzabo/zkcli/zk/zk.go:70.32,72.17 2 0
github.com/fJancsoSzabo/zkcli/zk/zk.go:75.3,76.33 2 0
github.com/fJancsoSzabo/zkcli/zk/zk.go:72.17,73.9 1 0
github.com/fJancsoSzabo/zkcli/zk/zk.go:83.61,85.2 1 0
github.com/fJancsoSzabo/zkcli/zk/zk.go:88.52,91.41 3 0
github.com/fJancsoSzabo/zkcli/zk/zk.go:96.2,96.18 1 0
github.com/fJancsoSzabo/zkcli/zk/zk.go:91.41,94.3 2 0
github.com/fJancsoSzabo/zkcli/zk/zk.go:100.58,102.16 2 0
github.com/fJancsoSzabo/zkcli/zk/zk.go:105.2,108.20 3 0
github.com/fJancsoSzabo/zkcli/zk/zk.go:102.16,104.3 1 0
github.com/fJancsoSzabo/zkcli/zk/zk.go:112.57,114.16 2 0
github.com/fJancsoSzabo/zkcli/zk/zk.go:117.2,120.18 3 0
github.com/fJancsoSzabo/zkcli/zk/zk.go:114.16,116.3 1 0
github.com/fJancsoSzabo/zkcli/zk/zk.go:123.71,125.16 2 0
github.com/fJancsoSzabo/zkcli/zk/zk.go:128.2,131.38 3 0
github.com/fJancsoSzabo/zkcli/zk/zk.go:125.16,127.3 1 0
github.com/fJancsoSzabo/zkcli/zk/zk.go:134.70,135.27 1 0
github.com/fJancsoSzabo/zkcli/zk/zk.go:157.2,157.15 1 0
github.com/fJancsoSzabo/zkcli/zk/zk.go:135.27,140.35 3 0
github.com/fJancsoSzabo/zkcli/zk/zk.go:143.3,143.35 1 0
github.com/fJancsoSzabo/zkcli/zk/zk.go:146.3,146.33 1 0
github.com/fJancsoSzabo/zkcli/zk/zk.go:149.3,149.34 1 0
github.com/fJancsoSzabo/zkcli/zk/zk.go:152.3,152.34 1 0
github.com/fJancsoSzabo/zkcli/zk/zk.go:155.3,155.43 1 0
github.com/fJancsoSzabo/zkcli/zk/zk.go:140.35,142.4 1 0
github.com/fJancsoSzabo/zkcli/zk/zk.go:143.35,145.4 1 0
github.com/fJancsoSzabo/zkcli/zk/zk.go:146.33,148.4 1 0
github.com/fJancsoSzabo/zkcli/zk/zk.go:149.34,151.4 1 0
github.com/fJancsoSzabo/zkcli/zk/zk.go:152.34,154.4 1 0
github.com/fJancsoSzabo/zkcli/zk/zk.go:161.64,163.16 2 0
github.com/fJancsoSzabo/zkcli/zk/zk.go:166.2,171.22 4 0
github.com/fJancsoSzabo/zkcli/zk/zk.go:163.16,165.3 1 0
github.com/fJancsoSzabo/zkcli/zk/zk.go:175.126,182.21 6 0
github.com/fJancsoSzabo/zkcli/zk/zk.go:186.2,190.12 3 0
github.com/fJancsoSzabo/zkcli/zk/zk.go:194.2,194.42 1 0
github.com/fJancsoSzabo/zkcli/zk/zk.go:232.2,237.6 5 0
github.com/fJancsoSzabo/zkcli/zk/zk.go:182.21,184.3 1 0
github.com/fJancsoSzabo/zkcli/zk/zk.go:190.12,192.3 1 0
github.com/fJancsoSzabo/zkcli/zk/zk.go:194.42,197.72 3 0
github.com/fJancsoSzabo/zkcli/zk/zk.go:229.3,229.29 1 0
github.com/fJancsoSzabo/zkcli/zk/zk.go:197.72,198.30 1 0
github.com/fJancsoSzabo/zkcli/zk/zk.go:198.30,201.19 3 0
github.com/fJancsoSzabo/zkcli/zk/zk.go:210.5,210.36 1 0
github.com/fJancsoSzabo/zkcli/zk/zk.go:225.5,226.46 2 0
github.com/fJancsoSzabo/zkcli/zk/zk.go:201.19,202.16 1 0
github.com/fJancsoSzabo/zkcli/zk/zk.go:206.6,207.14 2 0
github.com/fJancsoSzabo/zkcli/zk/zk.go:202.16,204.7 1 0
github.com/fJancsoSzabo/zkcli/zk/zk.go:210.36,221.16 7 0
github.com/fJancsoSzabo/zkcli/zk/zk.go:221.16,223.7 1 0
github.com/fJancsoSzabo/zkcli/zk/zk.go:237.6,238.10 1 0
github.com/fJancsoSzabo/zkcli/zk/zk.go:239.25,241.19 2 0
github.com/fJancsoSzabo/zkcli/zk/zk.go:242.11,244.33 2 0
github.com/fJancsoSzabo/zkcli/zk/zk.go:252.97,254.16 2 0
github.com/fJancsoSzabo/zkcli/zk/zk.go:257.2,261.20 4 0
github.com/fJancsoSzabo/zkcli/zk/zk.go:254.16,256.3 1 0
github.com/fJancsoSzabo/zkcli/zk/zk.go:265.128,266.17 1 0
github.com/fJancsoSzabo/zkcli/zk/zk.go:270.2,272.6 3 0
github.com/fJancsoSzabo/zkcli/zk/zk.go:287.2,287.16 1 0
github.com/fJancsoSzabo/zkcli/zk/zk.go:266.17,268.3 1 0
github.com/fJancsoSzabo/zkcli/zk/zk.go:272.6,277.42 4 0
github.com/fJancsoSzabo/zkcli/zk/zk.go:277.42,279.26 2 0
github.com/fJancsoSzabo/zkcli/zk/zk.go:282.4,282.117 1 0
github.com/fJancsoSzabo/zkcli/zk/zk.go:279.26,281.5 1 0
github.com/fJancsoSzabo/zkcli/zk/zk.go:283.9,285.4 1 0
github.com/fJancsoSzabo/zkcli/zk/zk.go:291.137,292.17 1 0
github.com/fJancsoSzabo/zkcli/zk/zk.go:295.2,297.6 3 0
github.com/fJancsoSzabo/zkcli/zk/zk.go:307.2,307.16 1 0
github.com/fJancsoSzabo/zkcli/zk/zk.go:292.17,294.3 1 0
github.com/fJancsoSzabo/zkcli/zk/zk.go:297.6,301.42 4 0
github.com/fJancsoSzabo/zkcli/zk/zk.go:301.42,303.4 1 0
github.com/fJancsoSzabo/zkcli/zk/zk.go:303.9,305.4 1 0
github.com/fJancsoSzabo/zkcli/zk/zk.go:314.100,316.16 2 0
github.com/fJancsoSzabo/zkcli/zk/zk.go:319.2,321.21 2 0
github.com/fJancsoSzabo/zkcli/zk/zk.go:328.2,328.69 1 0
github.com/fJancsoSzabo/zkcli/zk/zk.go:316.16,318.3 1 0
github.com/fJancsoSzabo/zkcli/zk/zk.go:321.21,323.17 2 0
github.com/fJancsoSzabo/zkcli/zk/zk.go:323.17,325.4 1 0
github.com/fJancsoSzabo/zkcli/zk/zk.go:331.108,333.16 2 0
github.com/fJancsoSzabo/zkcli/zk/zk.go:336.2,338.73 2 0
github.com/fJancsoSzabo/zkcli/zk/zk.go:333.16,335.3 1 0
github.com/fJancsoSzabo/zkcli/zk/zk.go:342.72,344.16 2 0
github.com/fJancsoSzabo/zkcli/zk/zk.go:347.2,349.39 2 0
github.com/fJancsoSzabo/zkcli/zk/zk.go:344.16,346.3 1 0
github.com/fJancsoSzabo/zkcli/zk/zk.go:353.87,355.16 2 0
github.com/fJancsoSzabo/zkcli/zk/zk.go:358.2,361.16 3 0
github.com/fJancsoSzabo/zkcli/zk/zk.go:365.2,365.11 1 0
github.com/fJancsoSzabo/zkcli/zk/zk.go:376.2,377.18 2 0
github.com/fJancsoSzabo/zkcli/zk/zk.go:355.16,357.3 1 0
github.com/fJancsoSzabo/zkcli/zk/zk.go:361.16,363.3 1 0
github.com/fJancsoSzabo/zkcli/zk/zk.go:365.11,367.17 2 0
github.com/fJancsoSzabo/zkcli/zk/zk.go:371.3,371.14 1 0
github.com/fJancsoSzabo/zkcli/zk/zk.go:367.17,369.4 1 0
github.com/fJancsoSzabo/zkcli/zk/zk.go:371.14,373.4 1 0
github.com/fJancsoSzabo/zkcli/zk/zk.go:380.80,382.33 2 8
github.com/fJancsoSzabo/zkcli/zk/zk.go:400.2,400.17 1 8
github.com/fJancsoSzabo/zkcli/zk/zk.go:382.33,386.45 4 8
github.com/fJancsoSzabo/zkcli/zk/zk.go:395.3,395.17 1 8
github.com/fJancsoSzabo/zkcli/zk/zk.go:386.45,390.4 3 1
github.com/fJancsoSzabo/zkcli/zk/zk.go:390.9,393.4 2 7
github.com/fJancsoSzabo/zkcli/zk/zk.go:395.17,398.4 2 7
github.com/fJancsoSzabo/zkcli/zk/zk.go:403.82,404.55 1 8
github.com/fJancsoSzabo/zkcli/zk/zk.go:433.2,433.19 1 8
github.com/fJancsoSzabo/zkcli/zk/zk.go:404.55,406.3 1 1
github.com/fJancsoSzabo/zkcli/zk/zk.go:406.8,407.51 1 7
github.com/fJancsoSzabo/zkcli/zk/zk.go:407.51,408.16 1 26
github.com/fJancsoSzabo/zkcli/zk/zk.go:428.4,428.18 1 26
github.com/fJancsoSzabo/zkcli/zk/zk.go:409.13,411.10 2 6
github.com/fJancsoSzabo/zkcli/zk/zk.go:412.13,414.10 2 6
github.com/fJancsoSzabo/zkcli/zk/zk.go:415.13,417.10 2 5
github.com/fJancsoSzabo/zkcli/zk/zk.go:418.13,420.10 2 5
github.com/fJancsoSzabo/zkcli/zk/zk.go:421.13,423.10 2 3
github.com/fJancsoSzabo/zkcli/zk/zk.go:424.12,425.53 1 1
github.com/fJancsoSzabo/zkcli/zk/zk.go:428.18,429.10 1 1
github.com/fJancsoSzabo/zkcli/zk/zk.go:437.50,439.16 2 0
github.com/fJancsoSzabo/zkcli/zk/zk.go:442.2,444.36 2 0
github.com/fJancsoSzabo/zkcli/zk/zk.go:439.16,441.3 1 0
github.com/fJancsoSzabo/zkcli/zk/zk.go:448.83,450.16 2 0
github.com/fJancsoSzabo/zkcli/zk/zk.go:454.2,454.42 1 0
github.com/fJancsoSzabo/zkcli/zk/zk.go:461.2,461.26 1 0
github.com/fJancsoSzabo/zkcli/zk/zk.go:450.16,452.3 1 0
github.com/fJancsoSzabo/zkcli/zk/zk.go:454.42,456.43 2 0
github.com/fJancsoSzabo/zkcli/zk/zk.go:456.43,458.4 1 0
